VirtualBox COM Server 4.3.12_OSE r2807 win.amd64 (Jan 20 2017 20:57:39) release log
00:00:00.003003 main     Log opened 2018-01-04T01:28:35.530138300Z
00:00:00.003003 main     Build Type: release
00:00:00.003003 main     OS Product: Unknown NT v10.0
00:00:00.003003 main     OS Release: 10.0.15063
00:00:00.003003 main     OS Service Pack: 
00:00:00.020048 main     DMI Product Name: To be filled by O.E.M.
00:00:00.036092 main     DMI Product Version: To be filled by O.E.M.
00:00:00.036092 main     Host RAM: 8077MB total, 5864MB available
00:00:00.036092 main     Executable: C:\Program Files (x86)\Bignox\BigNoxVM\RT\NoxVMSVC.exe
00:00:00.036092 main     Process ID: 11120
00:00:00.036092 main     Package type: WINDOWS_64BITS_GENERIC (OSE)
00:00:00.039099          Loading settings file "D:\jimmy-s-Emacs/.BigNox\BigNoxVM.xml" with version "1.12-windows"
00:00:00.039099          USBLibInit: USB Service not found
00:00:00.048123          failed to get the sun_VBoxNetFlt component, error (0x1)
00:00:00.054147          HostDnsMonitorProxy: Host's DNS information updated:
00:00:00.054147          DNS domain: JRY.COM
00:00:00.054147          VDInit finished
00:00:00.054147          ERROR [COM]: aRC=E_FAIL (0x80004005) aIID={d9e7df74-e5b2-4465-a649-8b79c03cf6e7} aComponent={SystemProperties} aText={Cannot determine default Guest Additions ISO location. Most likely they are not available}, preserve=false
00:00:00.056145          Loading settings file "D:\nox\Nox\bin\data\system\base.vbox" with version "1.12-windows"
00:00:00.058149          Loading settings file "D:\nox\Nox\bin\BignoxVMS\nox\nox.vbox" with version "1.12-windows"
00:00:00.900943          WARNING [COM]: aRC=E_FAIL (0x80004005) aIID={6b39d377-f490-4341-b660-1fd60f9a992b} aComponent={Host} aText={Could not load the Host USB Proxy Service (VERR_FILE_NOT_FOUND). The service might not be installed on the host computer}, preserve=true 
